<?xml version="1.0" encoding="UTF-8"?>
<!-- Generated by org.testng.reporters.JUnitReportReporter -->
<testsuite hostname="PARTHDellG15" failures="0" tests="1" name="MotorClaim._15_MotorClaim_SurveyorFees" time="19.453" errors="0" timestamp="2025-02-18T17:07:45 IST" skipped="0">
  <testcase classname="MotorClaim._15_MotorClaim_SurveyorFees" name="MotorClaim_SurvyeorFees" time="19.453"/>
  <system-out>
    <![CDATA[Login Successfull]]>
  </system-out>
</testsuite> <!-- MotorClaim._15_MotorClaim_SurveyorFees -->
