<?xml version="1.0" encoding="UTF-8"?>
<!-- Generated by org.testng.reporters.JUnitReportReporter -->
<testsuite hostname="PARTHDellG15" failures="0" tests="1" name="MotorClaim._02_MotorClaim_ClaimFormSubmission" time="71.663" errors="0" timestamp="2025-02-18T17:07:45 IST" skipped="0">
  <testcase classname="MotorClaim._02_MotorClaim_ClaimFormSubmission" name="MotorClaim_ClaimFormSubmission" time="71.663"/>
  <system-out>
    <![CDATA[Login Successfull]]>
  </system-out>
</testsuite> <!-- MotorClaim._02_MotorClaim_ClaimFormSubmission -->
