<?xml version="1.0" encoding="UTF-8"?>
<!-- Generated by org.testng.reporters.JUnitReportReporter -->
<testsuite hostname="PARTHDellG15" failures="0" tests="1" name="MotorClaim._17_MotorClaim_PaymentDetails" time="15.170" errors="0" timestamp="2025-02-18T17:07:45 IST" skipped="0">
  <testcase classname="MotorClaim._17_MotorClaim_PaymentDetails" name="MotorClaim_PaymentDetails" time="15.170"/>
  <system-out>
    <![CDATA[Login Successfull]]>
  </system-out>
</testsuite> <!-- MotorClaim._17_MotorClaim_PaymentDetails -->
