<?xml version="1.0" encoding="UTF-8"?>
<!-- Generated by org.testng.reporters.JUnitReportReporter -->
<testsuite hostname="PARTHDellG15" failures="0" tests="1" name="MotorClaim._07_MotorClaim_QCApproval" time="14.415" errors="0" timestamp="2025-02-14T13:14:03 IST" skipped="0">
  <testcase classname="MotorClaim._07_MotorClaim_QCApproval" name="MotorClaim_QCApproval" time="14.415"/>
  <system-out>
    <![CDATA[Login Successfull]]>
  </system-out>
</testsuite> <!-- MotorClaim._07_MotorClaim_QCApproval -->
