<?xml version="1.0" encoding="UTF-8"?>
<!-- Generated by org.testng.reporters.JUnitReportReporter -->
<testsuite hostname="PARTHDellG15" failures="0" tests="1" name="MotorClaim._11_MotorClaim_RepairerAuthorization" time="18.291" errors="0" timestamp="2025-02-18T15:53:26 IST" skipped="0">
  <testcase classname="MotorClaim._11_MotorClaim_RepairerAuthorization" name="MotorClaim_RepairerAuthorization" time="18.291"/>
  <system-out>
    <![CDATA[Login Successfull]]>
  </system-out>
</testsuite> <!-- MotorClaim._11_MotorClaim_RepairerAuthorization -->
