<?xml version="1.0" encoding="UTF-8"?>
<!-- Generated by org.testng.reporters.JUnitReportReporter -->
<testsuite hostname="PARTHDellG15" failures="0" tests="1" name="PreInspection._04_PreInspection_QualityCheck" time="28.789" errors="0" timestamp="2025-02-07T16:48:13 IST" skipped="0">
  <testcase classname="PreInspection._04_PreInspection_QualityCheck" name="Quality_Check" time="28.789"/>
  <system-out>
    <![CDATA[Login Successfull]]>
  </system-out>
</testsuite> <!-- PreInspection._04_PreInspection_QualityCheck -->
