<?xml version="1.0" encoding="UTF-8"?>
<!-- Generated by org.testng.reporters.JUnitReportReporter -->
<testsuite hostname="PARTHDellG15" failures="0" tests="1" name="MotorClaim._05_MotorClaim_RepairerAppointment" time="30.143" errors="0" timestamp="2025-02-20T09:54:04 IST" skipped="0">
  <testcase classname="MotorClaim._05_MotorClaim_RepairerAppointment" name="MotorClaim_RepairerAppointment" time="30.143"/>
  <system-out>
    <![CDATA[Login Successfull]]>
  </system-out>
</testsuite> <!-- MotorClaim._05_MotorClaim_RepairerAppointment -->
