<?xml version="1.0" encoding="UTF-8"?>
<!-- Generated by org.testng.reporters.JUnitReportReporter -->
<testsuite hostname="PARTHDellG15" failures="0" tests="1" name="MotorClaim._06_MotorClaim_RepairerReport" time="19.118" errors="0" timestamp="2025-02-17T17:09:01 IST" skipped="0">
  <testcase classname="MotorClaim._06_MotorClaim_RepairerReport" name="MotorClaim_RepairerReport" time="19.118"/>
  <system-out>
    <![CDATA[Login Successfull]]>
  </system-out>
</testsuite> <!-- MotorClaim._06_MotorClaim_RepairerReport -->
