<?xml version="1.0" encoding="UTF-8"?>
<!-- Generated by org.testng.reporters.JUnitReportReporter -->
<testsuite hostname="PARTHDellG15" failures="0" tests="1" name="PreInspection._02_PreInspection_CustomerFormFill" time="49.205" errors="0" timestamp="2025-02-06T17:37:54 IST" skipped="0">
  <testcase classname="PreInspection._02_PreInspection_CustomerFormFill" name="Customer_Form_Fill" time="49.205"/>
  <system-out>
    <![CDATA[Login Successfull]]>
  </system-out>
</testsuite> <!-- PreInspection._02_PreInspection_CustomerFormFill -->
