<?xml version="1.0" encoding="UTF-8"?>
<!-- Generated by org.testng.reporters.JUnitReportReporter -->
<testsuite hostname="PARTHDellG15" failures="0" tests="1" name="MotorClaim._10_MotorClaim_SurveyorReport" time="17.551" errors="0" timestamp="2025-02-17T17:39:12 IST" skipped="0">
  <testcase classname="MotorClaim._10_MotorClaim_SurveyorReport" name="MotorClaim_SurveyorReport" time="17.551"/>
  <system-out>
    <![CDATA[Login Successfull]]>
  </system-out>
</testsuite> <!-- MotorClaim._10_MotorClaim_SurveyorReport -->
