<?xml version="1.0" encoding="UTF-8"?>
<!-- Generated by org.testng.reporters.JUnitReportReporter -->
<testsuite hostname="PARTHDellG15" failures="0" tests="1" name="MotorClaim._14_MotorClaim_FinalReport" time="34.266" errors="0" timestamp="2025-02-18T10:38:34 IST" skipped="0">
  <testcase classname="MotorClaim._14_MotorClaim_FinalReport" name="MotorClaim_FinalReport" time="34.266"/>
  <system-out>
    <![CDATA[Login Successfull]]>
  </system-out>
</testsuite> <!-- MotorClaim._14_MotorClaim_FinalReport -->
