<?xml version="1.0" encoding="UTF-8"?>
<!-- Generated by org.testng.reporters.JUnitReportReporter -->
<testsuite hostname="PARTHDellG15" failures="0" tests="1" name="MotorClaim._03_MotorClaim_QualityCheck" time="28.506" errors="0" timestamp="2025-02-17T15:38:14 IST" skipped="0">
  <testcase classname="MotorClaim._03_MotorClaim_QualityCheck" name="MotorClaim_QualityCheck" time="28.506"/>
  <system-out>
    <![CDATA[Login Successfull]]>
  </system-out>
</testsuite> <!-- MotorClaim._03_MotorClaim_QualityCheck -->
