<?xml version="1.0" encoding="UTF-8"?>
<!-- Generated by org.testng.reporters.JUnitReportReporter -->
<testsuite hostname="PARTHDellG15" failures="0" tests="1" name="MotorClaim._18_MotorClaim_Completion" time="16.847" errors="0" timestamp="2025-02-18T15:53:26 IST" skipped="0">
  <testcase classname="MotorClaim._18_MotorClaim_Completion" name="MotorClaim_Completion" time="16.847"/>
  <system-out>
    <![CDATA[Login Successfull]]>
  </system-out>
</testsuite> <!-- MotorClaim._18_MotorClaim_Completion -->
