<?xml version="1.0" encoding="UTF-8"?>
<!-- Generated by org.testng.reporters.JUnitReportReporter -->
<testsuite hostname="PARTHDellG15" failures="0" tests="1" name="PreInspection._03_PreInspection_PreCheck" time="40.080" errors="0" timestamp="2025-02-06T17:37:54 IST" skipped="0">
  <testcase classname="PreInspection._03_PreInspection_PreCheck" name="Pre_Check" time="40.080"/>
  <system-out>
    <![CDATA[Login Successfull]]>
  </system-out>
</testsuite> <!-- PreInspection._03_PreInspection_PreCheck -->
