<?xml version="1.0" encoding="UTF-8"?>
<!-- Generated by org.testng.reporters.JUnitReportReporter -->
<testsuite hostname="PARTHDellG15" failures="0" tests="1" name="PreInspection._03_PreInspection_PreCheck" time="20.474" errors="0" timestamp="2025-02-14T13:04:05 IST" skipped="0">
  <testcase classname="PreInspection._03_PreInspection_PreCheck" name="Pre_Check" time="20.474"/>
  <system-out>
    <![CDATA[Login Successfull]]>
  </system-out>
</testsuite> <!-- PreInspection._03_PreInspection_PreCheck -->
