<?xml version="1.0" encoding="UTF-8"?>
<!-- Generated by org.testng.reporters.JUnitReportReporter -->
<testsuite hostname="PARTHDellG15" failures="0" tests="1" name="PreInspection._01_PreInspection_InitiateNewProcess" time="20.606" errors="0" timestamp="2025-02-06T17:37:54 IST" skipped="0">
  <testcase classname="PreInspection._01_PreInspection_InitiateNewProcess" name="InitiateNewProcess" time="20.606"/>
  <system-out>
    <![CDATA[Login Successfull]]>
  </system-out>
</testsuite> <!-- PreInspection._01_PreInspection_InitiateNewProcess -->
