<?xml version="1.0" encoding="UTF-8"?>
<!-- Generated by org.testng.reporters.JUnitReportReporter -->
<testsuite hostname="PARTHDellG15" failures="0" tests="1" name="MotorClaim._09_MotorClaim_SurveyorAppointment" time="26.207" errors="0" timestamp="2025-02-18T15:53:26 IST" skipped="0">
  <testcase classname="MotorClaim._09_MotorClaim_SurveyorAppointment" name="MotorClaim_SurveyorAppointment" time="26.207"/>
  <system-out>
    <![CDATA[Login Successfull]]>
  </system-out>
</testsuite> <!-- MotorClaim._09_MotorClaim_SurveyorAppointment -->
