<?xml version="1.0" encoding="UTF-8"?>
<!-- Generated by org.testng.reporters.JUnitReportReporter -->
<testsuite hostname="PARTHDellG15" failures="0" tests="1" name="MotorClaim._12_MotorClaim_ClaimFinancerAllocation" time="23.202" errors="0" timestamp="2025-02-18T15:53:26 IST" skipped="0">
  <testcase classname="MotorClaim._12_MotorClaim_ClaimFinancerAllocation" name="MotorClaim_ClaimFinancerAllocation" time="23.202"/>
  <system-out>
    <![CDATA[Login Successfull]]>
  </system-out>
</testsuite> <!-- MotorClaim._12_MotorClaim_ClaimFinancerAllocation -->
