<?xml version="1.0" encoding="UTF-8"?>
<!-- Generated by org.testng.reporters.JUnitReportReporter -->
<testsuite hostname="PARTHDellG15" failures="0" tests="1" name="MotorClaim._16_MotorClaim_BillVerification$_11_MotorClaim_RepairerAuthorization" time="32.515" errors="0" timestamp="2025-02-14T11:46:54 IST" skipped="0">
  <testcase classname="MotorClaim._16_MotorClaim_BillVerification$_11_MotorClaim_RepairerAuthorization" name="MotorClaim_RepairerAuthorization" time="32.515"/>
  <system-out>
    <![CDATA[Login Successfull]]>
  </system-out>
</testsuite> <!-- MotorClaim._16_MotorClaim_BillVerification$_11_MotorClaim_RepairerAuthorization -->
