<?xml version="1.0" encoding="UTF-8"?>
<!-- Generated by org.testng.reporters.JUnitReportReporter -->
<testsuite hostname="PARTHDellG15" failures="0" tests="1" name="TestScript._01_MotorClaim_InitiateNewProcess" time="18.408" errors="0" timestamp="2025-01-30T17:28:27 IST" skipped="0">
  <testcase classname="TestScript._01_MotorClaim_InitiateNewProcess" name="MotorClaim_InitiateNewProcess" time="18.408"/>
  <system-out>
    <![CDATA[Login Successfull]]>
  </system-out>
</testsuite> <!-- TestScript._01_MotorClaim_InitiateNewProcess -->
