<?xml version="1.0" encoding="UTF-8"?>
<!-- Generated by org.testng.reporters.JUnitReportReporter -->
<testsuite hostname="PARTHDellG15" failures="0" tests="1" name="MotorClaim._10_MotorClaim_SurveyorReport" time="17.399" errors="0" timestamp="2025-02-14T10:30:25 IST" skipped="0">
  <testcase classname="MotorClaim._10_MotorClaim_SurveyorReport" name="MotorClaim_SurveyorReport" time="17.399"/>
  <system-out>
    <![CDATA[Login Successfull]]>
  </system-out>
</testsuite> <!-- MotorClaim._10_MotorClaim_SurveyorReport -->
