<?xml version="1.0" encoding="UTF-8"?>
<!-- Generated by org.testng.reporters.JUnitReportReporter -->
<testsuite hostname="PARTHDellG15" failures="0" tests="1" name="MotorClaim._04_MotorClaim_CustomerReview" time="33.031" errors="0" timestamp="2025-02-20T09:52:29 IST" skipped="0">
  <testcase classname="MotorClaim._04_MotorClaim_CustomerReview" name="MotorClaim_CustomerReview" time="33.031"/>
  <system-out>
    <![CDATA[Login Successfull]]>
  </system-out>
</testsuite> <!-- MotorClaim._04_MotorClaim_CustomerReview -->
