<?xml version="1.0" encoding="UTF-8"?>
<!-- Generated by org.testng.reporters.JUnitReportReporter -->
<testsuite hostname="PARTHDellG15" failures="0" tests="1" name="MotorClaim._01_MotorClaim_InitiateNewProcess" time="25.331" errors="0" timestamp="2025-02-04T14:50:06 IST" skipped="0">
  <testcase classname="MotorClaim._01_MotorClaim_InitiateNewProcess" name="MotorClaim_InitiateNewProcess" time="25.331"/>
  <system-out>
    <![CDATA[Login Successfull]]>
  </system-out>
</testsuite> <!-- MotorClaim._01_MotorClaim_InitiateNewProcess -->
