<?xml version="1.0" encoding="UTF-8"?>
<!-- Generated by org.testng.reporters.JUnitReportReporter -->
<testsuite hostname="PARTHDellG15" failures="0" tests="5" name="MotorClaim._Feedback_From_All_Users" time="66.396" errors="0" timestamp="2025-02-18T17:07:45 IST" skipped="0">
  <testcase classname="MotorClaim._Feedback_From_All_Users" name="MotorClaim_Feedback_From_Customer" time="13.445"/>
  <system-out>
    <![CDATA[Login Successfull]]>
  </system-out>
  <testcase classname="MotorClaim._Feedback_From_All_Users" name="MotorClaim_Feedback_From_Insurer" time="11.494"/>
  <system-out>
    <![CDATA[Login Successfull]]>
  </system-out>
  <testcase classname="MotorClaim._Feedback_From_All_Users" name="MotorClaim_Feedback_From_Repairer" time="14.966"/>
  <system-out>
    <![CDATA[Login Successfull]]>
  </system-out>
  <testcase classname="MotorClaim._Feedback_From_All_Users" name="MotorClaim_Feedback_From_Surveyor" time="12.847"/>
  <system-out>
    <![CDATA[Login Successfull]]>
  </system-out>
  <testcase classname="MotorClaim._Feedback_From_All_Users" name="MotorClaim_FeedBack_FinalCompletion" time="13.644"/>
  <system-out>
    <![CDATA[Login Successfull]]>
  </system-out>
</testsuite> <!-- MotorClaim._Feedback_From_All_Users -->
