<?xml version="1.0" encoding="UTF-8"?>
<!-- Generated by org.testng.reporters.JUnitReportReporter -->
<testsuite hostname="PARTHDellG15" failures="0" tests="1" name="MotorClaim._02_MotorClaim_ClaimFormSubmission" time="64.655" errors="0" timestamp="2025-02-17T15:31:39 IST" skipped="0">
  <testcase classname="MotorClaim._02_MotorClaim_ClaimFormSubmission" name="MotorClaim_ClaimFormSubmission" time="64.655"/>
  <system-out>
    <![CDATA[Login Successfull]]>
  </system-out>
</testsuite> <!-- MotorClaim._02_MotorClaim_ClaimFormSubmission -->
